<?xml version="1.0" encoding="UTF-8"?>
<testng-results ignored="0" total="10" passed="9" failed="1" skipped="0">
  <reporter-output>
  </reporter-output>
  <suite started-at="2023-08-05T21:58:55 IST" name="Default suite" finished-at="2023-08-05T22:00:45 IST" duration-ms="109996">
    <groups>
    </groups>
    <test started-at="2023-08-05T21:58:55 IST" name="Default test" finished-at="2023-08-05T22:00:45 IST" duration-ms="109996">
      <class name="com.irctc.testLayer.Irctctest">
        <test-method is-config="true" signature="initializeBrowser()[pri:0, instance:com.irctc.testLayer.Irctctest@62379589]" started-at="2023-08-05T21:58:55 IST" name="initializeBrowser" finished-at="2023-08-05T21:59:06 IST" duration-ms="10920" status="PASS">
          <reporter-output>
          </reporter-output>
        </test-method> <!-- initializeBrowser -->
        <test-method signature="img75YrLogo()[pri:0, instance:com.irctc.testLayer.Irctctest@62379589]" started-at="2023-08-05T21:59:06 IST" name="img75YrLogo" finished-at="2023-08-05T21:59:06 IST" duration-ms="248" status="PASS">
          <reporter-output>
          </reporter-output>
        </test-method> <!-- img75YrLogo -->
        <test-method is-config="true" signature="beforemethod()[pri:0, instance:com.irctc.testLayer.Irctctest@62379589]" started-at="2023-08-05T21:59:06 IST" name="beforemethod" finished-at="2023-08-05T21:59:06 IST" duration-ms="0" status="PASS">
          <reporter-output>
          </reporter-output>
        </test-method> <!-- beforemethod -->
        <test-method is-config="true" signature="afterMethod(org.testng.ITestResult)[pri:0, instance:com.irctc.testLayer.Irctctest@62379589]" started-at="2023-08-05T21:59:06 IST" name="afterMethod" finished-at="2023-08-05T21:59:06 IST" duration-ms="13" status="PASS">
          <params>
            <param index="0">
              <value>
                <![CDATA[[TestResult name=img75YrLogo status=SUCCESS method=Irctctest.img75YrLogo()[pri:0, instance:com.irctc.testLayer.Irctctest@62379589] output={null}]]]>
              </value>
            </param>
          </params>
          <reporter-output>
          </reporter-output>
        </test-method> <!-- afterMethod -->
        <test-method signature="fr()[pri:1, instance:com.irctc.testLayer.Irctctest@62379589]" started-at="2023-08-05T21:59:06 IST" name="fr" finished-at="2023-08-05T21:59:07 IST" duration-ms="359" status="PASS">
          <reporter-output>
          </reporter-output>
        </test-method> <!-- fr -->
        <test-method is-config="true" signature="beforemethod()[pri:0, instance:com.irctc.testLayer.Irctctest@62379589]" started-at="2023-08-05T21:59:06 IST" name="beforemethod" finished-at="2023-08-05T21:59:06 IST" duration-ms="0" status="PASS">
          <reporter-output>
          </reporter-output>
        </test-method> <!-- beforemethod -->
        <test-method is-config="true" signature="afterMethod(org.testng.ITestResult)[pri:0, instance:com.irctc.testLayer.Irctctest@62379589]" started-at="2023-08-05T21:59:07 IST" name="afterMethod" finished-at="2023-08-05T21:59:07 IST" duration-ms="0" status="PASS">
          <params>
            <param index="0">
              <value>
                <![CDATA[[TestResult name=fr status=SUCCESS method=Irctctest.fr()[pri:1, instance:com.irctc.testLayer.Irctctest@62379589] output={null}]]]>
              </value>
            </param>
          </params>
          <reporter-output>
          </reporter-output>
        </test-method> <!-- afterMethod -->
        <test-method is-config="true" signature="beforemethod()[pri:0, instance:com.irctc.testLayer.Irctctest@62379589]" started-at="2023-08-05T21:59:07 IST" name="beforemethod" finished-at="2023-08-05T21:59:07 IST" duration-ms="4" status="PASS">
          <reporter-output>
          </reporter-output>
        </test-method> <!-- beforemethod -->
        <test-method signature="cl1()[pri:2, instance:com.irctc.testLayer.Irctctest@62379589]" started-at="2023-08-05T21:59:07 IST" name="cl1" finished-at="2023-08-05T21:59:07 IST" duration-ms="441" status="PASS">
          <reporter-output>
          </reporter-output>
        </test-method> <!-- cl1 -->
        <test-method is-config="true" signature="beforemethod()[pri:0, instance:com.irctc.testLayer.Irctctest@62379589]" started-at="2023-08-05T21:59:07 IST" name="beforemethod" finished-at="2023-08-05T21:59:07 IST" duration-ms="8" status="PASS">
          <reporter-output>
          </reporter-output>
        </test-method> <!-- beforemethod -->
        <test-method is-config="true" signature="afterMethod(org.testng.ITestResult)[pri:0, instance:com.irctc.testLayer.Irctctest@62379589]" started-at="2023-08-05T21:59:07 IST" name="afterMethod" finished-at="2023-08-05T21:59:07 IST" duration-ms="0" status="PASS">
          <params>
            <param index="0">
              <value>
                <![CDATA[[TestResult name=cl1 status=SUCCESS method=Irctctest.cl1()[pri:2, instance:com.irctc.testLayer.Irctctest@62379589] output={null}]]]>
              </value>
            </param>
          </params>
          <reporter-output>
          </reporter-output>
        </test-method> <!-- afterMethod -->
        <test-method signature="to()[pri:3, instance:com.irctc.testLayer.Irctctest@62379589]" started-at="2023-08-05T21:59:07 IST" name="to" finished-at="2023-08-05T21:59:07 IST" duration-ms="442" status="PASS">
          <reporter-output>
          </reporter-output>
        </test-method> <!-- to -->
        <test-method signature="clk2()[pri:4, instance:com.irctc.testLayer.Irctctest@62379589]" started-at="2023-08-05T21:59:07 IST" name="clk2" finished-at="2023-08-05T21:59:08 IST" duration-ms="234" status="PASS">
          <reporter-output>
          </reporter-output>
        </test-method> <!-- clk2 -->
        <test-method is-config="true" signature="afterMethod(org.testng.ITestResult)[pri:0, instance:com.irctc.testLayer.Irctctest@62379589]" started-at="2023-08-05T21:59:07 IST" name="afterMethod" finished-at="2023-08-05T21:59:07 IST" duration-ms="0" status="PASS">
          <params>
            <param index="0">
              <value>
                <![CDATA[[TestResult name=to status=SUCCESS method=Irctctest.to()[pri:3, instance:com.irctc.testLayer.Irctctest@62379589] output={null}]]]>
              </value>
            </param>
          </params>
          <reporter-output>
          </reporter-output>
        </test-method> <!-- afterMethod -->
        <test-method is-config="true" signature="beforemethod()[pri:0, instance:com.irctc.testLayer.Irctctest@62379589]" started-at="2023-08-05T21:59:07 IST" name="beforemethod" finished-at="2023-08-05T21:59:07 IST" duration-ms="0" status="PASS">
          <reporter-output>
          </reporter-output>
        </test-method> <!-- beforemethod -->
        <test-method is-config="true" signature="afterMethod(org.testng.ITestResult)[pri:0, instance:com.irctc.testLayer.Irctctest@62379589]" started-at="2023-08-05T21:59:08 IST" name="afterMethod" finished-at="2023-08-05T21:59:08 IST" duration-ms="0" status="PASS">
          <params>
            <param index="0">
              <value>
                <![CDATA[[TestResult name=clk2 status=SUCCESS method=Irctctest.clk2()[pri:4, instance:com.irctc.testLayer.Irctctest@62379589] output={null}]]]>
              </value>
            </param>
          </params>
          <reporter-output>
          </reporter-output>
        </test-method> <!-- afterMethod -->
        <test-method is-config="true" signature="beforemethod()[pri:0, instance:com.irctc.testLayer.Irctctest@62379589]" started-at="2023-08-05T21:59:08 IST" name="beforemethod" finished-at="2023-08-05T21:59:08 IST" duration-ms="0" status="PASS">
          <reporter-output>
          </reporter-output>
        </test-method> <!-- beforemethod -->
        <test-method signature="ckBox()[pri:5, instance:com.irctc.testLayer.Irctctest@62379589]" started-at="2023-08-05T21:59:08 IST" name="ckBox" finished-at="2023-08-05T21:59:08 IST" duration-ms="120" status="PASS">
          <reporter-output>
          </reporter-output>
        </test-method> <!-- ckBox -->
        <test-method is-config="true" signature="afterMethod(org.testng.ITestResult)[pri:0, instance:com.irctc.testLayer.Irctctest@62379589]" started-at="2023-08-05T21:59:08 IST" name="afterMethod" finished-at="2023-08-05T21:59:08 IST" duration-ms="0" status="PASS">
          <params>
            <param index="0">
              <value>
                <![CDATA[[TestResult name=ckBox status=SUCCESS method=Irctctest.ckBox()[pri:5, instance:com.irctc.testLayer.Irctctest@62379589] output={null}]]]>
              </value>
            </param>
          </params>
          <reporter-output>
          </reporter-output>
        </test-method> <!-- afterMethod -->
        <test-method signature="dropD()[pri:6, instance:com.irctc.testLayer.Irctctest@62379589]" started-at="2023-08-05T21:59:08 IST" name="dropD" finished-at="2023-08-05T21:59:22 IST" duration-ms="14030" status="PASS">
          <reporter-output>
          </reporter-output>
        </test-method> <!-- dropD -->
        <test-method is-config="true" signature="beforemethod()[pri:0, instance:com.irctc.testLayer.Irctctest@62379589]" started-at="2023-08-05T21:59:08 IST" name="beforemethod" finished-at="2023-08-05T21:59:08 IST" duration-ms="0" status="PASS">
          <reporter-output>
          </reporter-output>
        </test-method> <!-- beforemethod -->
        <test-method is-config="true" signature="afterMethod(org.testng.ITestResult)[pri:0, instance:com.irctc.testLayer.Irctctest@62379589]" started-at="2023-08-05T21:59:22 IST" name="afterMethod" finished-at="2023-08-05T21:59:22 IST" duration-ms="0" status="PASS">
          <params>
            <param index="0">
              <value>
                <![CDATA[[TestResult name=dropD status=SUCCESS method=Irctctest.dropD()[pri:6, instance:com.irctc.testLayer.Irctctest@62379589] output={null}]]]>
              </value>
            </param>
          </params>
          <reporter-output>
          </reporter-output>
        </test-method> <!-- afterMethod -->
        <test-method signature="serh()[pri:7, instance:com.irctc.testLayer.Irctctest@62379589]" started-at="2023-08-05T21:59:22 IST" name="serh" finished-at="2023-08-05T21:59:22 IST" duration-ms="164" status="PASS">
          <reporter-output>
          </reporter-output>
        </test-method> <!-- serh -->
        <test-method is-config="true" signature="beforemethod()[pri:0, instance:com.irctc.testLayer.Irctctest@62379589]" started-at="2023-08-05T21:59:22 IST" name="beforemethod" finished-at="2023-08-05T21:59:22 IST" duration-ms="0" status="PASS">
          <reporter-output>
          </reporter-output>
        </test-method> <!-- beforemethod -->
        <test-method is-config="true" signature="afterMethod(org.testng.ITestResult)[pri:0, instance:com.irctc.testLayer.Irctctest@62379589]" started-at="2023-08-05T21:59:22 IST" name="afterMethod" finished-at="2023-08-05T21:59:22 IST" duration-ms="0" status="PASS">
          <params>
            <param index="0">
              <value>
                <![CDATA[[TestResult name=serh status=SUCCESS method=Irctctest.serh()[pri:7, instance:com.irctc.testLayer.Irctctest@62379589] output={null}]]]>
              </value>
            </param>
          </params>
          <reporter-output>
          </reporter-output>
        </test-method> <!-- afterMethod -->
        <test-method signature="allCkBoxess()[pri:8, instance:com.irctc.testLayer.Irctctest@62379589]" started-at="2023-08-05T21:59:22 IST" name="allCkBoxess" finished-at="2023-08-05T21:59:28 IST" duration-ms="5760" status="PASS">
          <reporter-output>
          </reporter-output>
        </test-method> <!-- allCkBoxess -->
        <test-method is-config="true" signature="beforemethod()[pri:0, instance:com.irctc.testLayer.Irctctest@62379589]" started-at="2023-08-05T21:59:22 IST" name="beforemethod" finished-at="2023-08-05T21:59:22 IST" duration-ms="0" status="PASS">
          <reporter-output>
          </reporter-output>
        </test-method> <!-- beforemethod -->
        <test-method is-config="true" signature="afterMethod(org.testng.ITestResult)[pri:0, instance:com.irctc.testLayer.Irctctest@62379589]" started-at="2023-08-05T21:59:28 IST" name="afterMethod" finished-at="2023-08-05T21:59:28 IST" duration-ms="0" status="PASS">
          <params>
            <param index="0">
              <value>
                <![CDATA[[TestResult name=allCkBoxess status=SUCCESS method=Irctctest.allCkBoxess()[pri:8, instance:com.irctc.testLayer.Irctctest@62379589] output={null}]]]>
              </value>
            </param>
          </params>
          <reporter-output>
          </reporter-output>
        </test-method> <!-- afterMethod -->
        <test-method signature="irctcLogos2()[pri:9, instance:com.irctc.testLayer.Irctctest@62379589]" started-at="2023-08-05T21:59:28 IST" name="irctcLogos2" finished-at="2023-08-05T22:00:44 IST" duration-ms="76144" status="FAIL">
          <exception class="org.openqa.selenium.TimeoutException">
            <message>
              <![CDATA[Expected condition failed: waiting for element to be clickable: Proxy element for: DefaultElementLocator 'By.xpath: (//div[@class='ng-star-inserted'])[10]//table//tr//td[3]//div//strong' (tried for 40 second(s) with 500 milliseconds interval)]]>
            </message>
            <full-stacktrace>
              <![CDATA[org.openqa.selenium.TimeoutException: Expected condition failed: waiting for element to be clickable: Proxy element for: DefaultElementLocator 'By.xpath: (//div[@class='ng-star-inserted'])[10]//table//tr//td[3]//div//strong' (tried for 40 second(s) with 500 milliseconds interval)
at org.openqa.selenium.support.ui.WebDriverWait.timeoutException(WebDriverWait.java:95)
at org.openqa.selenium.support.ui.FluentWait.until(FluentWait.java:272)
at com.irctc.pageLayer.bokingTrinList.trainDatfle(bokingTrinList.java:94)
at com.irctc.testLayer.Irctctest.irctcLogos2(Irctctest.java:101)
at java.base/jdk.internal.reflect.DirectMethodHandleAccessor.invoke(DirectMethodHandleAccessor.java:104)
at java.base/java.lang.reflect.Method.invoke(Method.java:577)
at org.testng.internal.invokers.MethodInvocationHelper.invokeMethod(MethodInvocationHelper.java:139)
at org.testng.internal.invokers.TestInvoker.invokeMethod(TestInvoker.java:664)
at org.testng.internal.invokers.TestInvoker.invokeTestMethod(TestInvoker.java:227)
at org.testng.internal.invokers.MethodRunner.runInSequence(MethodRunner.java:50)
at org.testng.internal.invokers.TestInvoker$MethodInvocationAgent.invoke(TestInvoker.java:957)
at org.testng.internal.invokers.TestInvoker.invokeTestMethods(TestInvoker.java:200)
at org.testng.internal.invokers.TestMethodWorker.invokeTestMethods(TestMethodWorker.java:148)
at org.testng.internal.invokers.TestMethodWorker.run(TestMethodWorker.java:128)
at java.base/java.util.ArrayList.forEach(ArrayList.java:1511)
at org.testng.TestRunner.privateRun(TestRunner.java:848)
at org.testng.TestRunner.run(TestRunner.java:621)
at org.testng.SuiteRunner.runTest(SuiteRunner.java:443)
at org.testng.SuiteRunner.runSequentially(SuiteRunner.java:437)
at org.testng.SuiteRunner.privateRun(SuiteRunner.java:397)
at org.testng.SuiteRunner.run(SuiteRunner.java:336)
at org.testng.SuiteRunnerWorker.runSuite(SuiteRunnerWorker.java:52)
at org.testng.SuiteRunnerWorker.run(SuiteRunnerWorker.java:95)
at org.testng.TestNG.runSuitesSequentially(TestNG.java:1280)
at org.testng.TestNG.runSuitesLocally(TestNG.java:1200)
at org.testng.TestNG.runSuites(TestNG.java:1114)
at org.testng.TestNG.run(TestNG.java:1082)
at org.testng.remote.AbstractRemoteTestNG.run(AbstractRemoteTestNG.java:115)
at org.testng.remote.RemoteTestNG.initAndRun(RemoteTestNG.java:251)
at org.testng.remote.RemoteTestNG.main(RemoteTestNG.java:77)
Caused by: org.openqa.selenium.NoSuchElementException: no such element: Unable to locate element: {"method":"xpath","selector":"(//div[@class='ng-star-inserted'])[10]//table//tr//td[3]//div//strong"}
  (Session info: chrome=113.0.5672.93)
For documentation on this error, please visit: https://www.seleniumhq.org/exceptions/no_such_element.html
Build info: version: '3.141.59', revision: 'e82be7d358', time: '2018-11-14T08:17:03'
System info: host: 'RKAINS007', ip: '192.168.61.234', os.name: 'Windows 11', os.arch: 'amd64', os.version: '10.0', java.version: '18.0.2.1'
Driver info: org.openqa.selenium.chrome.ChromeDriver
Capabilities {acceptInsecureCerts: false, browserName: chrome, browserVersion: 113.0.5672.93, chrome: {chromedriverVersion: 113.0.5672.24 (65f30d4e8051..., userDataDir: C:\Users\ramko\AppData\Loca...}, goog:chromeOptions: {debuggerAddress: localhost:52016}, javascriptEnabled: true, networkConnectionEnabled: false, pageLoadStrategy: normal, platform: WINDOWS, platformName: WINDOWS, proxy: Proxy(), setWindowRect: true, strictFileInteractability: false, timeouts: {implicit: 0, pageLoad: 300000, script: 30000}, unhandledPromptBehavior: dismiss and notify, webauthn:extension:credBlob: true, webauthn:extension:largeBlob: true, webauthn:extension:minPinLength: true, webauthn:extension:prf: true, webauthn:virtualAuthenticators: true}
Session ID: 7ef9f6ffa9e1d4f3e1001a30a4367f20
*** Element info: {Using=xpath, value=(//div[@class='ng-star-inserted'])[10]//table//tr//td[3]//div//strong}
at java.base/jdk.internal.reflect.DirectConstructorHandleAccessor.newInstance(DirectConstructorHandleAccessor.java:67)
at java.base/java.lang.reflect.Constructor.newInstanceWithCaller(Constructor.java:499)
at java.base/java.lang.reflect.Constructor.newInstance(Constructor.java:483)
at org.openqa.selenium.remote.http.W3CHttpResponseCodec.createException(W3CHttpResponseCodec.java:187)
at org.openqa.selenium.remote.http.W3CHttpResponseCodec.decode(W3CHttpResponseCodec.java:122)
at org.openqa.selenium.remote.http.W3CHttpResponseCodec.decode(W3CHttpResponseCodec.java:49)
at org.openqa.selenium.remote.HttpCommandExecutor.execute(HttpCommandExecutor.java:158)
at org.openqa.selenium.remote.service.DriverCommandExecutor.execute(DriverCommandExecutor.java:83)
at org.openqa.selenium.remote.RemoteWebDriver.execute(RemoteWebDriver.java:552)
at org.openqa.selenium.remote.RemoteWebDriver.findElement(RemoteWebDriver.java:323)
at org.openqa.selenium.remote.RemoteWebDriver.findElementByXPath(RemoteWebDriver.java:428)
at org.openqa.selenium.By$ByXPath.findElement(By.java:353)
at org.openqa.selenium.remote.RemoteWebDriver.findElement(RemoteWebDriver.java:315)
at org.openqa.selenium.support.pagefactory.DefaultElementLocator.findElement(DefaultElementLocator.java:69)
at org.openqa.selenium.support.pagefactory.internal.LocatingElementHandler.invoke(LocatingElementHandler.java:38)
at jdk.proxy2/jdk.proxy2.$Proxy14.isDisplayed(Unknown Source)
at org.openqa.selenium.support.ui.ExpectedConditions.elementIfVisible(ExpectedConditions.java:314)
at org.openqa.selenium.support.ui.ExpectedConditions.access$000(ExpectedConditions.java:43)
at org.openqa.selenium.support.ui.ExpectedConditions$10.apply(ExpectedConditions.java:300)
at org.openqa.selenium.support.ui.ExpectedConditions$10.apply(ExpectedConditions.java:297)
at org.openqa.selenium.support.ui.ExpectedConditions$23.apply(ExpectedConditions.java:670)
at org.openqa.selenium.support.ui.ExpectedConditions$23.apply(ExpectedConditions.java:666)
at org.openqa.selenium.support.ui.FluentWait.until(FluentWait.java:249)
... 28 more
]]>
            </full-stacktrace>
          </exception> <!-- org.openqa.selenium.TimeoutException -->
          <reporter-output>
          </reporter-output>
        </test-method> <!-- irctcLogos2 -->
        <test-method is-config="true" signature="beforemethod()[pri:0, instance:com.irctc.testLayer.Irctctest@62379589]" started-at="2023-08-05T21:59:28 IST" name="beforemethod" finished-at="2023-08-05T21:59:28 IST" duration-ms="0" status="PASS">
          <reporter-output>
          </reporter-output>
        </test-method> <!-- beforemethod -->
        <test-method is-config="true" signature="afterMethod(org.testng.ITestResult)[pri:0, instance:com.irctc.testLayer.Irctctest@62379589]" started-at="2023-08-05T22:00:44 IST" name="afterMethod" finished-at="2023-08-05T22:00:45 IST" duration-ms="716" status="PASS">
          <params>
            <param index="0">
              <value>
                <![CDATA[[TestResult name=irctcLogos2 status=FAILURE method=Irctctest.irctcLogos2()[pri:9, instance:com.irctc.testLayer.Irctctest@62379589] output={null}]]]>
              </value>
            </param>
          </params>
          <reporter-output>
          </reporter-output>
        </test-method> <!-- afterMethod -->
        <test-method is-config="true" signature="tearDown()[pri:0, instance:com.irctc.testLayer.Irctctest@62379589]" started-at="2023-08-05T22:00:45 IST" name="tearDown" finished-at="2023-08-05T22:00:45 IST" duration-ms="248" status="PASS">
          <reporter-output>
          </reporter-output>
        </test-method> <!-- tearDown -->
      </class> <!-- com.irctc.testLayer.Irctctest -->
    </test> <!-- Default test -->
  </suite> <!-- Default suite -->
</testng-results>
