<?xml version="1.0" encoding="UTF-8"?>
<!-- Generated by org.testng.reporters.JUnitXMLReporter -->
<testsuite ignored="0" hostname="RKAINS007" failures="0" tests="10" name="Test" time="3.51" errors="0" timestamp="2023-08-27T15:16:08 IST">
  <testcase classname="com.irctc.baseclass.BaseClass" name="@BeforeClass initializeBrowser" time="3.389">
    <failure type="org.openqa.selenium.WebDriverException" message="java.net.ConnectException: Failed to connect to localhost/[0:0:0:0:0:0:0:1]:22376
Build info: version: &amp;apos;3.141.59&amp;apos;, revision: &amp;apos;e82be7d358&amp;apos;, time: &amp;apos;2018-11-14T08:17:03&amp;apos;
System info: host: &amp;apos;RKAINS007&amp;apos;, ip: &amp;apos;192.168.203.234&amp;apos;, os.name: &amp;apos;Windows 11&amp;apos;, os.arch: &amp;apos;amd64&amp;apos;, os.version: &amp;apos;10.0&amp;apos;, java.version: &amp;apos;18.0.2.1&amp;apos;
Driver info: driver.version: RemoteWebDriver">
      <![CDATA[org.openqa.selenium.WebDriverException: java.net.ConnectException: Failed to connect to localhost/[0:0:0:0:0:0:0:1]:22376
Build info: version: '3.141.59', revision: 'e82be7d358', time: '2018-11-14T08:17:03'
System info: host: 'RKAINS007', ip: '192.168.203.234', os.name: 'Windows 11', os.arch: 'amd64', os.version: '10.0', java.version: '18.0.2.1'
Driver info: driver.version: RemoteWebDriver
at org.openqa.selenium.remote.service.DriverCommandExecutor.execute(DriverCommandExecutor.java:92)
at org.openqa.selenium.remote.RemoteWebDriver.execute(RemoteWebDriver.java:552)
at org.openqa.selenium.remote.RemoteWebDriver.get(RemoteWebDriver.java:277)
at com.irctc.baseclass.BaseClass.initializeBrowser(BaseClass.java:38)
at java.base/java.util.ArrayList.forEach(ArrayList.java:1511)
Caused by: java.net.ConnectException: Failed to connect to localhost/[0:0:0:0:0:0:0:1]:22376
at okhttp3.internal.connection.RealConnection.connectSocket(RealConnection.java:247)
at okhttp3.internal.connection.RealConnection.connect(RealConnection.java:165)
at okhttp3.internal.connection.StreamAllocation.findConnection(StreamAllocation.java:257)
at okhttp3.internal.connection.StreamAllocation.findHealthyConnection(StreamAllocation.java:135)
at okhttp3.internal.connection.StreamAllocation.newStream(StreamAllocation.java:114)
at okhttp3.internal.connection.ConnectInterceptor.intercept(ConnectInterceptor.java:42)
at okhttp3.internal.http.RealInterceptorChain.proceed(RealInterceptorChain.java:147)
at okhttp3.internal.http.RealInterceptorChain.proceed(RealInterceptorChain.java:121)
at okhttp3.internal.cache.CacheInterceptor.intercept(CacheInterceptor.java:93)
at okhttp3.internal.http.RealInterceptorChain.proceed(RealInterceptorChain.java:147)
at okhttp3.internal.http.RealInterceptorChain.proceed(RealInterceptorChain.java:121)
at okhttp3.internal.http.BridgeInterceptor.intercept(BridgeInterceptor.java:93)
at okhttp3.internal.http.RealInterceptorChain.proceed(RealInterceptorChain.java:147)
at okhttp3.internal.http.RetryAndFollowUpInterceptor.intercept(RetryAndFollowUpInterceptor.java:126)
at okhttp3.internal.http.RealInterceptorChain.proceed(RealInterceptorChain.java:147)
at okhttp3.internal.http.RealInterceptorChain.proceed(RealInterceptorChain.java:121)
at okhttp3.RealCall.getResponseWithInterceptorChain(RealCall.java:200)
at okhttp3.RealCall.execute(RealCall.java:77)
at org.openqa.selenium.remote.internal.OkHttpClient.execute(OkHttpClient.java:103)
at org.openqa.selenium.remote.HttpCommandExecutor.execute(HttpCommandExecutor.java:155)
at org.openqa.selenium.remote.service.DriverCommandExecutor.execute(DriverCommandExecutor.java:83)
... 27 more
Caused by: java.net.ConnectException: Connection refused: no further information
at java.base/sun.nio.ch.Net.pollConnect(Native Method)
at java.base/sun.nio.ch.Net.pollConnectNow(Net.java:672)
at java.base/sun.nio.ch.NioSocketImpl.timedFinishConnect(NioSocketImpl.java:539)
at java.base/sun.nio.ch.NioSocketImpl.connect(NioSocketImpl.java:594)
at java.base/java.net.SocksSocketImpl.connect(SocksSocketImpl.java:327)
at java.base/java.net.Socket.connect(Socket.java:633)
at okhttp3.internal.platform.Platform.connectSocket(Platform.java:129)
at okhttp3.internal.connection.RealConnection.connectSocket(RealConnection.java:245)
... 47 more
... Removed 23 stack frames]]>
    </failure>
  </testcase> <!-- @BeforeClass initializeBrowser -->
  <testcase classname="com.irctc.baseclass.BaseClass" name="@BeforeMethod beforemethod" time="-1.693129568816E9">
    <skipped/>
  </testcase> <!-- @BeforeMethod beforemethod -->
  <testcase classname="com.irctc.baseclass.BaseClass" name="@AfterMethod afterMethod" time="-1.693129568823E9">
    <skipped/>
  </testcase> <!-- @AfterMethod afterMethod -->
  <testcase classname="com.irctc.baseclass.BaseClass" name="@BeforeMethod beforemethod" time="-1.693129568827E9">
    <skipped/>
  </testcase> <!-- @BeforeMethod beforemethod -->
  <testcase classname="com.irctc.baseclass.BaseClass" name="@AfterMethod afterMethod" time="-1.693129568832E9">
    <skipped/>
  </testcase> <!-- @AfterMethod afterMethod -->
  <testcase classname="com.irctc.baseclass.BaseClass" name="@BeforeMethod beforemethod" time="-1.693129568833E9">
    <skipped/>
  </testcase> <!-- @BeforeMethod beforemethod -->
  <testcase classname="com.irctc.baseclass.BaseClass" name="@AfterMethod afterMethod" time="-1.693129568838E9">
    <skipped/>
  </testcase> <!-- @AfterMethod afterMethod -->
  <testcase classname="com.irctc.baseclass.BaseClass" name="@BeforeMethod beforemethod" time="-1.69312956884E9">
    <skipped/>
  </testcase> <!-- @BeforeMethod beforemethod -->
  <testcase classname="com.irctc.baseclass.BaseClass" name="@AfterMethod afterMethod" time="-1.693129568845E9">
    <skipped/>
  </testcase> <!-- @AfterMethod afterMethod -->
  <testcase classname="com.irctc.baseclass.BaseClass" name="@BeforeMethod beforemethod" time="-1.693129568847E9">
    <skipped/>
  </testcase> <!-- @BeforeMethod beforemethod -->
  <testcase classname="com.irctc.baseclass.BaseClass" name="@AfterMethod afterMethod" time="-1.693129568852E9">
    <skipped/>
  </testcase> <!-- @AfterMethod afterMethod -->
  <testcase classname="com.irctc.baseclass.BaseClass" name="@BeforeMethod beforemethod" time="-1.693129568854E9">
    <skipped/>
  </testcase> <!-- @BeforeMethod beforemethod -->
  <testcase classname="com.irctc.baseclass.BaseClass" name="@AfterMethod afterMethod" time="-1.693129568859E9">
    <skipped/>
  </testcase> <!-- @AfterMethod afterMethod -->
  <testcase classname="com.irctc.baseclass.BaseClass" name="@BeforeMethod beforemethod" time="-1.693129568861E9">
    <skipped/>
  </testcase> <!-- @BeforeMethod beforemethod -->
  <testcase classname="com.irctc.baseclass.BaseClass" name="@AfterMethod afterMethod" time="-1.693129568866E9">
    <skipped/>
  </testcase> <!-- @AfterMethod afterMethod -->
  <testcase classname="com.irctc.baseclass.BaseClass" name="@BeforeMethod beforemethod" time="-1.693129568868E9">
    <skipped/>
  </testcase> <!-- @BeforeMethod beforemethod -->
  <testcase classname="com.irctc.baseclass.BaseClass" name="@AfterMethod afterMethod" time="-1.693129568873E9">
    <skipped/>
  </testcase> <!-- @AfterMethod afterMethod -->
  <testcase classname="com.irctc.baseclass.BaseClass" name="@BeforeMethod beforemethod" time="-1.693129568875E9">
    <skipped/>
  </testcase> <!-- @BeforeMethod beforemethod -->
  <testcase classname="com.irctc.baseclass.BaseClass" name="@AfterMethod afterMethod" time="-1.69312956888E9">
    <skipped/>
  </testcase> <!-- @AfterMethod afterMethod -->
  <testcase classname="com.irctc.baseclass.BaseClass" name="@BeforeMethod beforemethod" time="-1.693129568882E9">
    <skipped/>
  </testcase> <!-- @BeforeMethod beforemethod -->
  <testcase classname="com.irctc.baseclass.BaseClass" name="@AfterMethod afterMethod" time="-1.693129568886E9">
    <skipped/>
  </testcase> <!-- @AfterMethod afterMethod -->
  <testcase classname="com.irctc.baseclass.BaseClass" name="@AfterClass tearDown" time="-1.693129568889E9">
    <skipped/>
  </testcase> <!-- @AfterClass tearDown -->
  <testcase classname="com.irctc.testLayer.Irctctest" name="img75YrLogo" time="0.0">
    <skipped/>
  </testcase> <!-- img75YrLogo -->
  <testcase classname="com.irctc.testLayer.Irctctest" name="fr" time="0.0">
    <skipped/>
  </testcase> <!-- fr -->
  <testcase classname="com.irctc.testLayer.Irctctest" name="cl1" time="0.0">
    <skipped/>
  </testcase> <!-- cl1 -->
  <testcase classname="com.irctc.testLayer.Irctctest" name="to" time="0.0">
    <skipped/>
  </testcase> <!-- to -->
  <testcase classname="com.irctc.testLayer.Irctctest" name="clk2" time="0.0">
    <skipped/>
  </testcase> <!-- clk2 -->
  <testcase classname="com.irctc.testLayer.Irctctest" name="ckBox" time="0.0">
    <skipped/>
  </testcase> <!-- ckBox -->
  <testcase classname="com.irctc.testLayer.Irctctest" name="dropD" time="0.0">
    <skipped/>
  </testcase> <!-- dropD -->
  <testcase classname="com.irctc.testLayer.Irctctest" name="serh" time="0.0">
    <skipped/>
  </testcase> <!-- serh -->
  <testcase classname="com.irctc.testLayer.Irctctest" name="allCkBoxess" time="0.0">
    <skipped/>
  </testcase> <!-- allCkBoxess -->
  <testcase classname="com.irctc.testLayer.Irctctest" name="irctcLogos2" time="0.0">
    <skipped/>
  </testcase> <!-- irctcLogos2 -->
</testsuite> <!-- Test -->
